{"level":"info","message":"server is ruuning http://localhost:5000","timestamp":"2025-03-20T09:00:23.172Z"}
{"level":"info","message":"server is ruuning http://localhost:5000","timestamp":"2025-03-20T10:36:22.337Z"}
{"level":"info","message":"server is ruuning http://localhost:5000","timestamp":"2025-03-20T11:00:12.506Z"}
{"code":"ER_NON_UNIQ_ERROR","errno":1052,"index":0,"level":"error","sql":"\n     SELECT m.menuItemID,\n          m.image,\n          m.name,\n          m.rating,\n          m.deliverytime,\n          m.type,\n          m.place,\n          r.restaurantID \n    FROM menuitem m\n    JOIN restaurant r ON m.restaurantID = r.restaurantID\n    WHERE restaurantID = '1\\\"';\n    ","sqlMessage":"Column 'restaurantID' in where clause is ambiguous","sqlState":"23000","timestamp":"2025-03-20T11:01:25.968Z"}
{"code":"ER_NON_UNIQ_ERROR","errno":1052,"index":0,"level":"error","sql":"\n     SELECT m.menuItemID,\n          m.image,\n          m.name,\n          m.rating,\n          m.deliverytime,\n          m.type,\n          m.place,\n          r.restaurantID \n    FROM menuitem m\n    JOIN restaurant r ON m.restaurantID = r.restaurantID\n    WHERE restaurantID = '2\\\"';\n    ","sqlMessage":"Column 'restaurantID' in where clause is ambiguous","sqlState":"23000","timestamp":"2025-03-20T11:02:07.424Z"}
{"code":"ER_NON_UNIQ_ERROR","errno":1052,"index":0,"level":"error","sql":"\n     SELECT m.menuItemID,\n          m.image,\n          m.name,\n          m.rating,\n          m.deliverytime,\n          m.type,\n          m.place,\n          r.restaurantID \n    FROM menuitem m\n    JOIN restaurant r ON m.restaurantID = r.restaurantID\n    WHERE restaurantID = '2\\\"';\n    ","sqlMessage":"Column 'restaurantID' in where clause is ambiguous","sqlState":"23000","timestamp":"2025-03-20T11:03:24.095Z"}
{"level":"info","message":"server is ruuning http://localhost:5000","timestamp":"2025-03-20T11:13:52.529Z"}
{"code":"ER_NON_UNIQ_ERROR","errno":1052,"index":0,"level":"error","sql":"\n     SELECT m.menuItemID,\n          m.image,\n          m.name,\n          m.rating,\n          m.deliverytime,\n          m.type,\n          m.place,\n          r.restaurantID \n    FROM menuitem m\n    JOIN restaurant r ON m.restaurantID =  r.restaurantID \n    WHERE restaurantID = '1';\n    ","sqlMessage":"Column 'restaurantID' in where clause is ambiguous","sqlState":"23000","timestamp":"2025-03-20T11:14:19.145Z"}
{"code":"ER_NON_UNIQ_ERROR","errno":1052,"index":0,"level":"error","sql":"\n     SELECT m.menuItemID,\n          m.image,\n          m.name,\n          m.rating,\n          m.deliverytime,\n          m.type,\n          m.place,\n          r.restaurantID \n    FROM menuitem m\n    JOIN restaurant r ON m.restaurantID =  r.restaurantID \n    WHERE restaurantID = '1';\n    ","sqlMessage":"Column 'restaurantID' in where clause is ambiguous","sqlState":"23000","timestamp":"2025-03-20T11:14:31.831Z"}
{"level":"info","message":"server is ruuning http://localhost:5000","timestamp":"2025-03-20T11:14:36.964Z"}
{"code":"ER_NON_UNIQ_ERROR","errno":1052,"index":0,"level":"error","sql":"\n     SELECT m.menuItemID,\n          \n          m.name,\n          m.rating,\n          m.deliverytime,\n          m.type,\n          m.place,\n          r.restaurantID \n    FROM menuitem m\n    JOIN restaurant r ON m.restaurantID =  r.restaurantID \n    WHERE restaurantID = '1';\n    ","sqlMessage":"Column 'restaurantID' in where clause is ambiguous","sqlState":"23000","timestamp":"2025-03-20T11:14:39.589Z"}
{"code":"ER_NON_UNIQ_ERROR","errno":1052,"index":0,"level":"error","sql":"\n     SELECT m.menuItemID,\n          \n          m.name,\n          m.rating,\n          m.deliverytime,\n          m.type,\n          m.place,\n          r.restaurantID \n    FROM menuitem m\n    JOIN restaurant r ON m.restaurantID =  r.restaurantID \n    WHERE restaurantID = '1';\n    ","sqlMessage":"Column 'restaurantID' in where clause is ambiguous","sqlState":"23000","timestamp":"2025-03-20T11:14:58.501Z"}
{"level":"info","message":"server is ruuning http://localhost:5000","timestamp":"2025-03-20T11:15:06.743Z"}
{"code":"ER_NON_UNIQ_ERROR","errno":1052,"index":0,"level":"error","sql":"\n     SELECT m.menuItemID,\n          m.image,\n          m.name,\n          m.rating,\n          m.deliverytime,\n          m.type,\n          m.place,\n          r.restaurantID \n    FROM menuitem m\n    JOIN restaurant r ON m.restaurantID =  r.restaurantID \n    WHERE restaurantID = '1';\n    ","sqlMessage":"Column 'restaurantID' in where clause is ambiguous","sqlState":"23000","timestamp":"2025-03-20T11:15:09.238Z"}
{"level":"info","message":"server is ruuning http://localhost:5000","timestamp":"2025-03-20T11:17:25.080Z"}
{"level":"info","message":"server is ruuning http://localhost:5000","timestamp":"2025-03-20T11:18:05.511Z"}
{"level":"info","message":"server is ruuning http://localhost:5000","timestamp":"2025-03-20T11:21:02.145Z"}
{"level":"info","message":"server is ruuning http://localhost:5000","timestamp":"2025-03-20T11:22:09.956Z"}
{"level":"info","message":"server is ruuning http://localhost:5000","timestamp":"2025-03-20T11:23:24.246Z"}
{"level":"info","message":"server is ruuning http://localhost:5000","timestamp":"2025-03-20T12:32:56.965Z"}
{"level":"info","message":"server is ruuning http://localhost:5000","timestamp":"2025-03-21T05:00:07.527Z"}
{"level":"info","message":"server is ruuning http://localhost:5000","timestamp":"2025-03-21T07:00:37.528Z"}
{"level":"info","message":"server is ruuning http://localhost:5000","timestamp":"2025-03-21T07:01:15.375Z"}
{"level":"info","message":"server is ruuning http://localhost:5000","timestamp":"2025-03-21T10:31:03.695Z"}
{"level":"info","message":"server is ruuning http://localhost:5000","timestamp":"2025-03-21T10:40:56.683Z"}
{"level":"info","message":"server is ruuning http://localhost:5000","timestamp":"2025-03-21T10:51:42.252Z"}
{"level":"info","message":"server is ruuning http://localhost:5000","timestamp":"2025-03-21T11:06:28.116Z"}
{"level":"info","message":"server is ruuning http://localhost:5000","timestamp":"2025-03-21T11:08:01.880Z"}
{"level":"info","message":"server is ruuning http://localhost:5000","timestamp":"2025-03-21T12:34:08.806Z"}
{"level":"info","message":"server is ruuning http://localhost:5000","timestamp":"2025-03-22T03:31:49.426Z"}
{"level":"info","message":"server is ruuning http://localhost:3000","timestamp":"2025-03-22T05:38:23.824Z"}
{"level":"info","message":"server is ruuning http://localhost:3000","timestamp":"2025-03-22T10:22:15.366Z"}
{"level":"info","message":"server is ruuning http://localhost:3000","timestamp":"2025-03-22T10:24:23.854Z"}
{"level":"info","timestamp":"2025-03-22T10:24:26.748Z"}
{"level":"info","message":"server is ruuning http://localhost:3000","timestamp":"2025-03-22T10:24:53.982Z"}
{"level":"info","timestamp":"2025-03-22T10:24:56.647Z"}
{"level":"info","timestamp":"2025-03-22T10:25:38.926Z"}
{"level":"info","message":"server is ruuning http://localhost:3000","timestamp":"2025-03-22T10:25:46.197Z"}
{"level":"info","timestamp":"2025-03-22T10:25:48.922Z"}
{"level":"info","message":"server is ruuning http://localhost:3000","timestamp":"2025-03-22T10:26:14.796Z"}
{"level":"info","timestamp":"2025-03-22T10:26:17.340Z"}
{"level":"info","message":"server is ruuning http://localhost:3000","timestamp":"2025-03-22T10:26:41.759Z"}
{"level":"info","timestamp":"2025-03-22T10:26:44.300Z"}
{"level":"info","message":"server is ruuning http://localhost:3000","timestamp":"2025-03-22T10:26:54.317Z"}
{"level":"info","timestamp":"2025-03-22T10:26:56.483Z"}
{"level":"info","timestamp":"2025-03-22T10:27:08.780Z"}
{"level":"info","timestamp":"2025-03-22T10:27:24.698Z"}
{"level":"info","timestamp":"2025-03-22T10:28:07.770Z"}
{"level":"info","timestamp":"2025-03-22T10:28:18.864Z"}
{"level":"info","message":"server is ruuning http://localhost:3000","timestamp":"2025-03-22T10:28:28.440Z"}
{"level":"info","message":"server is ruuning http://localhost:3000","timestamp":"2025-03-22T12:30:32.632Z"}
{"level":"info","message":"server is ruuning http://localhost:3000","timestamp":"2025-03-24T04:32:59.430Z"}
{"level":"info","message":"server is ruuning http://localhost:3000","timestamp":"2025-03-25T04:15:30.198Z"}
{"level":"info","message":"server is ruuning http://localhost:3000","timestamp":"2025-03-25T09:24:19.540Z"}
{"level":"info","message":"server is ruuning http://localhost:3000","timestamp":"2025-03-25T09:32:57.134Z"}
{"level":"info","message":"server is ruuning http://localhost:3000","timestamp":"2025-03-25T10:13:53.827Z"}
{"level":"info","message":"server is ruuning http://localhost:3000","timestamp":"2025-03-25T10:20:58.853Z"}
